<?xml version="1.0" encoding="UTF-8"?>
<!-- Generated by org.testng.reporters.JUnitReportReporter -->
<testsuite hostname="bogon" name="com.aventstack.extentreports.api.TestWithoutLogs" tests="1" failures="0" timestamp="26 Aug 2017 07:32:07 GMT" time="0.000" errors="0">
  <testcase name="verifyTestHasPassStatusIfNoLogsAdded" time="0.000" classname="com.aventstack.extentreports.api.TestWithoutLogs"/>
</testsuite> <!-- com.aventstack.extentreports.api.TestWithoutLogs -->
