<?xml version="1.0" encoding="UTF-8"?>
<!-- Generated by org.testng.reporters.JUnitReportReporter -->
<testsuite hostname="bogon" name="com.aventstack.extentreports.api.TestInitializeNullValuesTests" tests="14" failures="0" timestamp="26 Aug 2017 07:32:07 GMT" time="0.010" errors="0">
  <testcase name="nodeNameNull" time="0.001" classname="com.aventstack.extentreports.api.TestInitializeNullValuesTests"/>
  <testcase name="bddTestScenarioNameEmptyGherkinKeyword" time="0.002" classname="com.aventstack.extentreports.api.TestInitializeNullValuesTests"/>
  <testcase name="bddTestStepNameEmpty" time="0.001" classname="com.aventstack.extentreports.api.TestInitializeNullValuesTests"/>
  <testcase name="testDescriptionNull" time="0.001" classname="com.aventstack.extentreports.api.TestInitializeNullValuesTests"/>
  <testcase name="testNameEmpty" time="0.001" classname="com.aventstack.extentreports.api.TestInitializeNullValuesTests"/>
  <testcase name="bddTestScenarioNameNullGherkinKeyword" time="0.001" classname="com.aventstack.extentreports.api.TestInitializeNullValuesTests"/>
  <testcase name="testNameNull" time="0.000" classname="com.aventstack.extentreports.api.TestInitializeNullValuesTests"/>
  <testcase name="nodeNameEmpty" time="0.000" classname="com.aventstack.extentreports.api.TestInitializeNullValuesTests"/>
  <testcase name="bddTestStepNameEmptyGherkinKeyword" time="0.000" classname="com.aventstack.extentreports.api.TestInitializeNullValuesTests"/>
  <testcase name="nodeDescriptionNull" time="0.000" classname="com.aventstack.extentreports.api.TestInitializeNullValuesTests"/>
  <testcase name="bddTestStepNameNull" time="0.000" classname="com.aventstack.extentreports.api.TestInitializeNullValuesTests"/>
  <testcase name="bddTestStepNameNullGherkinKeyword" time="0.001" classname="com.aventstack.extentreports.api.TestInitializeNullValuesTests"/>
  <testcase name="bddTestScenarioNameEmpty" time="0.001" classname="com.aventstack.extentreports.api.TestInitializeNullValuesTests"/>
  <testcase name="bddTestScenarioNameNull" time="0.001" classname="com.aventstack.extentreports.api.TestInitializeNullValuesTests"/>
</testsuite> <!-- com.aventstack.extentreports.api.TestInitializeNullValuesTests -->
