<?xml version="1.0" encoding="UTF-8"?>
<!-- Generated by org.testng.reporters.JUnitReportReporter -->
<testsuite hostname="bogon" name="com.aventstack.extentreports.api.BddAttributesTest" tests="2" failures="0" timestamp="26 Aug 2017 07:32:07 GMT" time="0.007" errors="0">
  <testcase name="initialTestIsOfBddType" time="0.005" classname="com.aventstack.extentreports.api.BddAttributesTest"/>
  <testcase name="testIsOfBddTypeWithBddChild" time="0.002" classname="com.aventstack.extentreports.api.BddAttributesTest"/>
</testsuite> <!-- com.aventstack.extentreports.api.BddAttributesTest -->
