<?xml version="1.0" encoding="UTF-8"?>
<!-- Generated by org.testng.reporters.JUnitReportReporter -->
<testsuite hostname="bogon" name="com.aventstack.extentreports.api.TestSingleLogsStatusTests" tests="7" failures="0" timestamp="26 Aug 2017 07:32:07 GMT" time="0.003" errors="0">
  <testcase name="verifyIfTestHasStatusFail" time="0.001" classname="com.aventstack.extentreports.api.TestSingleLogsStatusTests"/>
  <testcase name="verifyIfTestHasStatusWarning" time="0.000" classname="com.aventstack.extentreports.api.TestSingleLogsStatusTests"/>
  <testcase name="verifyIfTestHasStatusPassWithOnlyInfoSingle" time="0.001" classname="com.aventstack.extentreports.api.TestSingleLogsStatusTests"/>
  <testcase name="verifyIfTestHasStatusFatal" time="0.000" classname="com.aventstack.extentreports.api.TestSingleLogsStatusTests"/>
  <testcase name="verifyIfTestHasStatusSkip" time="0.000" classname="com.aventstack.extentreports.api.TestSingleLogsStatusTests"/>
  <testcase name="verifyIfTestHasStatusPass" time="0.000" classname="com.aventstack.extentreports.api.TestSingleLogsStatusTests"/>
  <testcase name="verifyIfTestHasStatusError" time="0.001" classname="com.aventstack.extentreports.api.TestSingleLogsStatusTests"/>
</testsuite> <!-- com.aventstack.extentreports.api.TestSingleLogsStatusTests -->
