<?xml version="1.0" encoding="UTF-8"?>
<!-- Generated by org.testng.reporters.JUnitReportReporter -->
<testsuite hostname="bogon" name="com.aventstack.extentreports.view.extenthtml.TestAndNodeAttributesTest" tests="11" failures="0" timestamp="26 Aug 2017 07:32:07 GMT" time="0.006" errors="0">
  <testcase name="validatesTestNameView" time="0.001" classname="com.aventstack.extentreports.view.extenthtml.TestAndNodeAttributesTest"/>
  <testcase name="validatesNodeNameView" time="0.002" classname="com.aventstack.extentreports.view.extenthtml.TestAndNodeAttributesTest"/>
  <testcase name="validatesNodeIDView" time="0.000" classname="com.aventstack.extentreports.view.extenthtml.TestAndNodeAttributesTest"/>
  <testcase name="validatesIfBdd" time="0.000" classname="com.aventstack.extentreports.view.extenthtml.TestAndNodeAttributesTest"/>
  <testcase name="validatesTestsCountView" time="0.000" classname="com.aventstack.extentreports.view.extenthtml.TestAndNodeAttributesTest"/>
  <testcase name="validatesTestIDView" time="0.000" classname="com.aventstack.extentreports.view.extenthtml.TestAndNodeAttributesTest"/>
  <testcase name="validatesTestLogSizeView" time="0.001" classname="com.aventstack.extentreports.view.extenthtml.TestAndNodeAttributesTest"/>
  <testcase name="validatesNodesCountView" time="0.000" classname="com.aventstack.extentreports.view.extenthtml.TestAndNodeAttributesTest"/>
  <testcase name="validatesNodeStatusView" time="0.001" classname="com.aventstack.extentreports.view.extenthtml.TestAndNodeAttributesTest"/>
  <testcase name="validatesTestStatusView" time="0.000" classname="com.aventstack.extentreports.view.extenthtml.TestAndNodeAttributesTest"/>
  <testcase name="validatesNodeLogSizeView" time="0.001" classname="com.aventstack.extentreports.view.extenthtml.TestAndNodeAttributesTest"/>
</testsuite> <!-- com.aventstack.extentreports.view.extenthtml.TestAndNodeAttributesTest -->
