<?xml version="1.0" encoding="UTF-8"?>
<!-- Generated by org.testng.reporters.JUnitReportReporter -->
<testsuite hostname="bogon" name="com.aventstack.extentreports.api.TestAttributesTests" tests="4" failures="0" timestamp="26 Aug 2017 07:32:07 GMT" time="0.005" errors="0">
  <testcase name="verifyIfTestHasAddedAuthors" time="0.002" classname="com.aventstack.extentreports.api.TestAttributesTests"/>
  <testcase name="verifyIfTestHasAddedCategories" time="0.002" classname="com.aventstack.extentreports.api.TestAttributesTests"/>
  <testcase name="verifyIfTestHasAddedCategory" time="0.000" classname="com.aventstack.extentreports.api.TestAttributesTests"/>
  <testcase name="verifyIfTestHasAddedAuthor" time="0.001" classname="com.aventstack.extentreports.api.TestAttributesTests"/>
</testsuite> <!-- com.aventstack.extentreports.api.TestAttributesTests -->
