<?xml version="1.0" encoding="UTF-8"?>
<!-- Generated by org.testng.reporters.JUnitReportReporter -->
<testsuite hostname="bogon" name="com.aventstack.extentreports.view.extenthtml.TestAttributesTest" tests="7" failures="0" timestamp="26 Aug 2017 07:32:07 GMT" time="0.009" errors="0">
  <testcase name="validateCategoryName" time="0.001" classname="com.aventstack.extentreports.view.extenthtml.TestAttributesTest"/>
  <testcase name="validateIfCategoryViewHasCategoryWithCorrectName" time="0.001" classname="com.aventstack.extentreports.view.extenthtml.TestAttributesTest"/>
  <testcase name="validateCategoryViewTestName" time="0.001" classname="com.aventstack.extentreports.view.extenthtml.TestAttributesTest"/>
  <testcase name="validateCategoryViewTestID" time="0.003" classname="com.aventstack.extentreports.view.extenthtml.TestAttributesTest"/>
  <testcase name="validateIfCategoryViewHasCategory" time="0.000" classname="com.aventstack.extentreports.view.extenthtml.TestAttributesTest"/>
  <testcase name="validateCategoryViewEnabled" time="0.001" classname="com.aventstack.extentreports.view.extenthtml.TestAttributesTest"/>
  <testcase name="validateCategoryNameExistsInDashboardView" time="0.002" classname="com.aventstack.extentreports.view.extenthtml.TestAttributesTest"/>
</testsuite> <!-- com.aventstack.extentreports.view.extenthtml.TestAttributesTest -->
