<?xml version="1.0" encoding="UTF-8"?>
<!-- Generated by org.testng.reporters.JUnitReportReporter -->
<testsuite hostname="bogon" name="com.aventstack.extentreports.api.TestStartEndDateTimeTests" tests="6" failures="0" timestamp="26 Aug 2017 07:32:07 GMT" time="0.003" errors="0">
  <testcase name="verifyStartTime" time="0.001" classname="com.aventstack.extentreports.api.TestStartEndDateTimeTests"/>
  <testcase name="verifyEndTimeWithManualSetting" time="0.000" classname="com.aventstack.extentreports.api.TestStartEndDateTimeTests"/>
  <testcase name="verifyStartTimeWithLogs" time="0.001" classname="com.aventstack.extentreports.api.TestStartEndDateTimeTests"/>
  <testcase name="verifyEndTimeWithLogs" time="0.000" classname="com.aventstack.extentreports.api.TestStartEndDateTimeTests"/>
  <testcase name="verifyEndTime" time="0.000" classname="com.aventstack.extentreports.api.TestStartEndDateTimeTests"/>
  <testcase name="verifyTimeWithManualSetting" time="0.001" classname="com.aventstack.extentreports.api.TestStartEndDateTimeTests"/>
</testsuite> <!-- com.aventstack.extentreports.api.TestStartEndDateTimeTests -->
