<?xml version="1.0" encoding="UTF-8"?>
<!-- Generated by org.testng.reporters.JUnitReportReporter -->
<testsuite hostname="bogon" name="com.aventstack.extentreports.api.NodeAttributesTest" tests="4" failures="0" timestamp="26 Aug 2017 07:32:07 GMT" time="0.021" errors="0">
  <testcase name="verifyIfNodeHasAddedCategory" time="0.012" classname="com.aventstack.extentreports.api.NodeAttributesTest"/>
  <testcase name="verifyIfTestHasAddedAuthor" time="0.004" classname="com.aventstack.extentreports.api.NodeAttributesTest"/>
  <testcase name="verifyIfTestHasAddedAuthors" time="0.003" classname="com.aventstack.extentreports.api.NodeAttributesTest"/>
  <testcase name="verifyIfTestHasAddedCategories" time="0.002" classname="com.aventstack.extentreports.api.NodeAttributesTest"/>
</testsuite> <!-- com.aventstack.extentreports.api.NodeAttributesTest -->
