<?xml version="1.0" encoding="UTF-8"?>
<!-- Generated by org.testng.reporters.JUnitReportReporter -->
<testsuite hostname="bogon" name="com.aventstack.extentreports.api.TestMediaTests" tests="3" failures="0" timestamp="26 Aug 2017 07:32:07 GMT" time="0.003" errors="0">
  <testcase name="verifyScreenCaptureTitle" time="0.000" classname="com.aventstack.extentreports.api.TestMediaTests"/>
  <testcase name="verifyIfScreenCaptureAdded" time="0.002" classname="com.aventstack.extentreports.api.TestMediaTests"/>
  <testcase name="verifyMultipleScreenCaptures" time="0.001" classname="com.aventstack.extentreports.api.TestMediaTests"/>
</testsuite> <!-- com.aventstack.extentreports.api.TestMediaTests -->
