<?xml version="1.0" encoding="UTF-8"?>
<!-- Generated by org.testng.reporters.JUnitReportReporter -->
<testsuite hostname="bogon" name="com.aventstack.extentreports.api.TestStatusHierarchyTests" tests="6" failures="0" timestamp="26 Aug 2017 07:32:07 GMT" time="0.004" errors="0">
  <testcase name="verifyPassHasHigherPriorityThanInfo" time="0.001" classname="com.aventstack.extentreports.api.TestStatusHierarchyTests"/>
  <testcase name="verifyWarningHasHigherPriorityThanSkip" time="0.001" classname="com.aventstack.extentreports.api.TestStatusHierarchyTests"/>
  <testcase name="verifFailHasHigherPriorityThanError" time="0.000" classname="com.aventstack.extentreports.api.TestStatusHierarchyTests"/>
  <testcase name="verifySkipHasHigherPriorityThanPass" time="0.001" classname="com.aventstack.extentreports.api.TestStatusHierarchyTests"/>
  <testcase name="verifFatalHasHigherPriorityThanFail" time="0.000" classname="com.aventstack.extentreports.api.TestStatusHierarchyTests"/>
  <testcase name="verifyErrorHasHigherPriorityThanWarning" time="0.001" classname="com.aventstack.extentreports.api.TestStatusHierarchyTests"/>
</testsuite> <!-- com.aventstack.extentreports.api.TestStatusHierarchyTests -->
