<?xml version="1.0" encoding="UTF-8"?>
<!-- Generated by org.testng.reporters.JUnitReportReporter -->
<testsuite hostname="bogon" name="com.aventstack.extentreports.api.TestIdsTests" tests="1" failures="0" timestamp="26 Aug 2017 07:32:07 GMT" time="0.024" errors="0">
  <testcase name="verifyAllStartedTestsHaveUniqueIds" time="0.024" classname="com.aventstack.extentreports.api.TestIdsTests"/>
</testsuite> <!-- com.aventstack.extentreports.api.TestIdsTests -->
