<?xml version="1.0" encoding="UTF-8"?>
<!-- Generated by org.testng.reporters.JUnitReportReporter -->
<testsuite hostname="bogon" name="com.aventstack.extentreports.view.extenthtml.TestWithoutLogsHasPassStatus" tests="1" failures="0" timestamp="26 Aug 2017 07:32:07 GMT" time="0.004" errors="0">
  <testcase name="testShowsUnknownStatusIfNoLogsAreAddedView" time="0.004" classname="com.aventstack.extentreports.view.extenthtml.TestWithoutLogsHasPassStatus"/>
</testsuite> <!-- com.aventstack.extentreports.view.extenthtml.TestWithoutLogsHasPassStatus -->
