<?xml version="1.0" encoding="UTF-8"?>
<!-- Generated by org.testng.reporters.JUnitReportReporter -->
<testsuite hostname="bogon" name="com.aventstack.extentreports.view.extenthtml.TestMarkupTest" tests="7" failures="0" timestamp="26 Aug 2017 07:32:07 GMT" time="0.003" errors="0">
  <testcase name="validatesTestStatusView" time="0.001" classname="com.aventstack.extentreports.view.extenthtml.TestMarkupTest"/>
  <testcase name="validatesIfBdd" time="0.000" classname="com.aventstack.extentreports.view.extenthtml.TestMarkupTest"/>
  <testcase name="validatesLogStatusView" time="0.001" classname="com.aventstack.extentreports.view.extenthtml.TestMarkupTest"/>
  <testcase name="validatesTestsCountView" time="0.000" classname="com.aventstack.extentreports.view.extenthtml.TestMarkupTest"/>
  <testcase name="validatesTestIDView" time="0.000" classname="com.aventstack.extentreports.view.extenthtml.TestMarkupTest"/>
  <testcase name="validatesLogSizeView" time="0.001" classname="com.aventstack.extentreports.view.extenthtml.TestMarkupTest"/>
  <testcase name="validatesTestNameView" time="0.000" classname="com.aventstack.extentreports.view.extenthtml.TestMarkupTest"/>
</testsuite> <!-- com.aventstack.extentreports.view.extenthtml.TestMarkupTest -->
